<?xml version="1.0" encoding="UTF-8"?>
<!-- Generated by org.testng.reporters.JUnitReportReporter -->
<testsuite hostname="Rk" failures="0" tests="3" name="com.qa.testscripts.TC_Smartphone_001" time="12.660" errors="0" timestamp="2022-12-12T14:31:51 IST" skipped="0">
  <testcase classname="com.qa.testscripts.TC_Smartphone_001" name="searchproducts" time="4.583"/>
  <system-out/>
  <testcase classname="com.qa.testscripts.TC_Smartphone_001" name="searchproducts" time="3.808"/>
  <system-out/>
  <testcase classname="com.qa.testscripts.TC_Smartphone_001" name="searchproducts" time="4.269"/>
  <system-out/>
</testsuite> <!-- com.qa.testscripts.TC_Smartphone_001 -->
